Determining if the pthread_create exist failed with the following output:
Change Dir: /home/ht/slambook/ch5/joinMap/build/CMakeFiles/CMakeTmp

Run Build Command:"/usr/bin/make" "cmTC_57833/fast"
/usr/bin/make -f CMakeFiles/cmTC_57833.dir/build.make CMakeFiles/cmTC_57833.dir/build
make[1]: Entering directory '/home/ht/slambook/ch5/joinMap/build/CMakeFiles/CMakeTmp'
Building C object CMakeFiles/cmTC_57833.dir/CheckSymbolExists.c.o
/usr/bin/cc     -o CMakeFiles/cmTC_57833.dir/CheckSymbolExists.c.o   -c /home/ht/slambook/ch5/joinMap/build/CMakeFiles/CMakeTmp/CheckSymbolExists.c
Linking C executable cmTC_57833
/usr/bin/cmake -E cmake_link_script CMakeFiles/cmTC_57833.dir/link.txt --verbose=1
/usr/bin/cc       CMakeFiles/cmTC_57833.dir/CheckSymbolExists.c.o  -o cmTC_57833 -rdynamic 
CMakeFiles/cmTC_57833.dir/CheckSymbolExists.c.o: In function `main':
CheckSymbolExists.c:(.text+0x16): undefined reference to `pthread_create'
collect2: error: ld returned 1 exit status
CMakeFiles/cmTC_57833.dir/build.make:97: recipe for target 'cmTC_57833' failed
make[1]: *** [cmTC_57833] Error 1
make[1]: Leaving directory '/home/ht/slambook/ch5/joinMap/build/CMakeFiles/CMakeTmp'
Makefile:126: recipe for target 'cmTC_57833/fast' failed
make: *** [cmTC_57833/fast] Error 2

File /home/ht/slambook/ch5/joinMap/build/CMakeFiles/CMakeTmp/CheckSymbolExists.c:
/* */
#include <pthread.h>

int main(int argc, char** argv)
{
  (void)argv;
#ifndef pthread_create
  return ((int*)(&pthread_create))[argc];
#else
  (void)argc;
  return 0;
#endif
}

Determining if the function pthread_create exists in the pthreads failed with the following output:
Change Dir: /home/ht/slambook/ch5/joinMap/build/CMakeFiles/CMakeTmp

Run Build Command:"/usr/bin/make" "cmTC_813ee/fast"
/usr/bin/make -f CMakeFiles/cmTC_813ee.dir/build.make CMakeFiles/cmTC_813ee.dir/build
make[1]: Entering directory '/home/ht/slambook/ch5/joinMap/build/CMakeFiles/CMakeTmp'
Building C object CMakeFiles/cmTC_813ee.dir/CheckFunctionExists.c.o
/usr/bin/cc    -DCHECK_FUNCTION_EXISTS=pthread_create   -o CMakeFiles/cmTC_813ee.dir/CheckFunctionExists.c.o   -c /usr/share/cmake-3.5/Modules/CheckFunctionExists.c
Linking C executable cmTC_813ee
/usr/bin/cmake -E cmake_link_script CMakeFiles/cmTC_813ee.dir/link.txt --verbose=1
/usr/bin/cc   -DCHECK_FUNCTION_EXISTS=pthread_create    CMakeFiles/cmTC_813ee.dir/CheckFunctionExists.c.o  -o cmTC_813ee -rdynamic -lpthreads 
/usr/bin/ld: cannot find -lpthreads
collect2: error: ld returned 1 exit status
CMakeFiles/cmTC_813ee.dir/build.make:97: recipe for target 'cmTC_813ee' failed
make[1]: *** [cmTC_813ee] Error 1
make[1]: Leaving directory '/home/ht/slambook/ch5/joinMap/build/CMakeFiles/CMakeTmp'
Makefile:126: recipe for target 'cmTC_813ee/fast' failed
make: *** [cmTC_813ee/fast] Error 2


