Determining if the pthread_create exist failed with the following output:
Change Dir: /home/ht/slambook/ch10/ceres_custombundle/build/CMakeFiles/CMakeTmp

Run Build Command:"/usr/bin/make" "cmTC_e48e8/fast"
/usr/bin/make -f CMakeFiles/cmTC_e48e8.dir/build.make CMakeFiles/cmTC_e48e8.dir/build
make[1]: Entering directory '/home/ht/slambook/ch10/ceres_custombundle/build/CMakeFiles/CMakeTmp'
Building C object CMakeFiles/cmTC_e48e8.dir/CheckSymbolExists.c.o
/usr/bin/cc     -o CMakeFiles/cmTC_e48e8.dir/CheckSymbolExists.c.o   -c /home/ht/slambook/ch10/ceres_custombundle/build/CMakeFiles/CMakeTmp/CheckSymbolExists.c
Linking C executable cmTC_e48e8
/usr/bin/cmake -E cmake_link_script CMakeFiles/cmTC_e48e8.dir/link.txt --verbose=1
/usr/bin/cc       CMakeFiles/cmTC_e48e8.dir/CheckSymbolExists.c.o  -o cmTC_e48e8 -rdynamic 
CMakeFiles/cmTC_e48e8.dir/CheckSymbolExists.c.o: In function `main':
CheckSymbolExists.c:(.text+0x16): undefined reference to `pthread_create'
collect2: error: ld returned 1 exit status
CMakeFiles/cmTC_e48e8.dir/build.make:97: recipe for target 'cmTC_e48e8' failed
make[1]: *** [cmTC_e48e8] Error 1
make[1]: Leaving directory '/home/ht/slambook/ch10/ceres_custombundle/build/CMakeFiles/CMakeTmp'
Makefile:126: recipe for target 'cmTC_e48e8/fast' failed
make: *** [cmTC_e48e8/fast] Error 2

File /home/ht/slambook/ch10/ceres_custombundle/build/CMakeFiles/CMakeTmp/CheckSymbolExists.c:
/* */
#include <pthread.h>

int main(int argc, char** argv)
{
  (void)argv;
#ifndef pthread_create
  return ((int*)(&pthread_create))[argc];
#else
  (void)argc;
  return 0;
#endif
}

Determining if the function pthread_create exists in the pthreads failed with the following output:
Change Dir: /home/ht/slambook/ch10/ceres_custombundle/build/CMakeFiles/CMakeTmp

Run Build Command:"/usr/bin/make" "cmTC_471ce/fast"
/usr/bin/make -f CMakeFiles/cmTC_471ce.dir/build.make CMakeFiles/cmTC_471ce.dir/build
make[1]: Entering directory '/home/ht/slambook/ch10/ceres_custombundle/build/CMakeFiles/CMakeTmp'
Building C object CMakeFiles/cmTC_471ce.dir/CheckFunctionExists.c.o
/usr/bin/cc    -DCHECK_FUNCTION_EXISTS=pthread_create   -o CMakeFiles/cmTC_471ce.dir/CheckFunctionExists.c.o   -c /usr/share/cmake-3.5/Modules/CheckFunctionExists.c
Linking C executable cmTC_471ce
/usr/bin/cmake -E cmake_link_script CMakeFiles/cmTC_471ce.dir/link.txt --verbose=1
/usr/bin/cc   -DCHECK_FUNCTION_EXISTS=pthread_create    CMakeFiles/cmTC_471ce.dir/CheckFunctionExists.c.o  -o cmTC_471ce -rdynamic -lpthreads 
/usr/bin/ld: cannot find -lpthreads
collect2: error: ld returned 1 exit status
CMakeFiles/cmTC_471ce.dir/build.make:97: recipe for target 'cmTC_471ce' failed
make[1]: *** [cmTC_471ce] Error 1
make[1]: Leaving directory '/home/ht/slambook/ch10/ceres_custombundle/build/CMakeFiles/CMakeTmp'
Makefile:126: recipe for target 'cmTC_471ce/fast' failed
make: *** [cmTC_471ce/fast] Error 2


